{
  "stats": {
    "suites": 18,
    "tests": 35,
    "passes": 28,
    "pending": 0,
    "failures": 7,
    "start": "2022-05-03T19:57:52.003Z",
    "end": "2022-05-03T19:59:10.134Z",
    "duration": 78131,
    "testsRegistered": 35,
    "passPercent": 80,
    "pendingPercent": 0,
    "other": 0,
    "hasOther": false,
    "skipped": 0,
    "hasSkipped": false
  },
  "results": [
    {
      "uuid": "715314a9-1dc1-49ba-9b93-182b1c571132",
      "title": "",
      "fullFile": "cypress/integration/project.spec.js",
      "file": "cypress/integration/project.spec.js",
      "beforeHooks": [],
      "afterHooks": [],
      "tests": [],
      "suites": [
        {
          "uuid": "22656c95-e719-4219-89c9-e4b16f83336b",
          "title": "1 - Deve haver um `input` com o id=\"carta-texto\" onde o usuário poderá digitar o conteúdo da carta",
          "fullFile": "",
          "file": "",
          "beforeHooks": [],
          "afterHooks": [],
          "tests": [
            {
              "title": "Será validado que existe um elemento `input` com `id=carta-texto`",
              "fullTitle": "1 - Deve haver um `input` com o id=\"carta-texto\" onde o usuário poderá digitar o conteúdo da carta Será validado que existe um elemento `input` com `id=carta-texto`",
              "timedOut": null,
              "duration": 3193,
              "state": "passed",
              "speed": "slow",
              "pass": true,
              "fail": false,
              "pending": false,
              "context": null,
              "code": "cy.get(LETTER_INPUT_SELECTOR).should('exist');",
              "err": {},
              "uuid": "fa1e7f39-4282-4ef1-a2bf-039c58941fd7",
              "parentUUID": "22656c95-e719-4219-89c9-e4b16f83336b",
              "isHook": false,
              "skipped": false
            }
          ],
          "suites": [],
          "passes": [
            "fa1e7f39-4282-4ef1-a2bf-039c58941fd7"
          ],
          "failures": [],
          "pending": [],
          "skipped": [],
          "duration": 3193,
          "root": false,
          "rootEmpty": false,
          "_timeout": 2000
        },
        {
          "uuid": "368489cd-c817-4b1b-8d86-1922ab60caa5",
          "title": "2 - Deve haver um parágrafo com o id=\"carta-gerada\" onde o usuário verá o resultado de sua carta misteriosa",
          "fullFile": "",
          "file": "",
          "beforeHooks": [],
          "afterHooks": [],
          "tests": [
            {
              "title": "Será validado que existe um elemento `p` com o `id=\"carta-gerada\"`",
              "fullTitle": "2 - Deve haver um parágrafo com o id=\"carta-gerada\" onde o usuário verá o resultado de sua carta misteriosa Será validado que existe um elemento `p` com o `id=\"carta-gerada\"`",
              "timedOut": null,
              "duration": 1871,
              "state": "passed",
              "speed": "slow",
              "pass": true,
              "fail": false,
              "pending": false,
              "context": null,
              "code": "cy.get(LETTER_GENERATED_P_SELECTOR).should('exist');",
              "err": {},
              "uuid": "14168a74-92aa-44b5-bbad-f2c06dee4137",
              "parentUUID": "368489cd-c817-4b1b-8d86-1922ab60caa5",
              "isHook": false,
              "skipped": false
            }
          ],
          "suites": [],
          "passes": [
            "14168a74-92aa-44b5-bbad-f2c06dee4137"
          ],
          "failures": [],
          "pending": [],
          "skipped": [],
          "duration": 1871,
          "root": false,
          "rootEmpty": false,
          "_timeout": 2000
        },
        {
          "uuid": "c4901a85-4f1c-4f81-819e-cb36cab10e5f",
          "title": "3 - Deve haver um botão com id=\"criar-carta\" e ao clicar nesse botão, a carta misteriosa deve ser gerada",
          "fullFile": "",
          "file": "",
          "beforeHooks": [],
          "afterHooks": [],
          "tests": [
            {
              "title": "Será validado que existe um elemento button com `id=\"criar-carta\"`",
              "fullTitle": "3 - Deve haver um botão com id=\"criar-carta\" e ao clicar nesse botão, a carta misteriosa deve ser gerada Será validado que existe um elemento button com `id=\"criar-carta\"`",
              "timedOut": null,
              "duration": 1293,
              "state": "passed",
              "speed": "slow",
              "pass": true,
              "fail": false,
              "pending": false,
              "context": null,
              "code": "cy.get(LETTER_ADD_BUTTON_SELECTOR).should('exist');",
              "err": {},
              "uuid": "ea87585e-b8df-42e6-b60c-5e0168c6f54b",
              "parentUUID": "c4901a85-4f1c-4f81-819e-cb36cab10e5f",
              "isHook": false,
              "skipped": false
            },
            {
              "title": "Será validado que ao clicar no botão, a carta misteriosa deve ser gerada",
              "fullTitle": "3 - Deve haver um botão com id=\"criar-carta\" e ao clicar nesse botão, a carta misteriosa deve ser gerada Será validado que ao clicar no botão, a carta misteriosa deve ser gerada",
              "timedOut": null,
              "duration": 6925,
              "state": "failed",
              "speed": null,
              "pass": false,
              "fail": true,
              "pending": false,
              "context": null,
              "code": "var letterContent1 = 'esta é uma carta com 7 palavras';\ncheckLetterContent(letterContent1);\nvar letterContent2 = 'esta é uma carta com 2 palavras a mais';\ncheckLetterContent(letterContent2);",
              "err": {
                "message": "CypressError: Timed out retrying: Not enough elements found. Found '1', expected '7'.",
                "estack": "CypressError: Timed out retrying: Not enough elements found. Found '1', expected '7'.\n    at cypressErr (http://localhost:46237/__cypress/runner/cypress_runner.js:149934:9)\n    at throwErr (http://localhost:46237/__cypress/runner/cypress_runner.js:149867:11)\n    at Object.throwErrByPath (http://localhost:46237/__cypress/runner/cypress_runner.js:149915:3)\n    at retry (http://localhost:46237/__cypress/runner/cypress_runner.js:144197:19)\n    at onFailFn (http://localhost:46237/__cypress/runner/cypress_runner.js:132448:16)\n    at tryCatcher (http://localhost:46237/__cypress/runner/cypress_runner.js:167415:23)\n    at Promise._settlePromiseFromHandler (http://localhost:46237/__cypress/runner/cypress_runner.js:165351:31)\n    at Promise._settlePromise (http://localhost:46237/__cypress/runner/cypress_runner.js:165408:18)\n    at Promise._settlePromise0 (http://localhost:46237/__cypress/runner/cypress_runner.js:165453:10)\n    at Promise._settlePromises (http://localhost:46237/__cypress/runner/cypress_runner.js:165528:18)\n    at Async../node_modules/bluebird/js/release/async.js.Async._drainQueue (http://localhost:46237/__cypress/runner/cypress_runner.js:162140:16)\n    at Async../node_modules/bluebird/js/release/async.js.Async._drainQueues (http://localhost:46237/__cypress/runner/cypress_runner.js:162150:10)\n    at Async.drainQueues (http://localhost:46237/__cypress/runner/cypress_runner.js:162024:14)",
                "diff": null
              },
              "uuid": "4d0b49bf-a261-4501-9d83-fa1c755e85d7",
              "parentUUID": "c4901a85-4f1c-4f81-819e-cb36cab10e5f",
              "isHook": false,
              "skipped": false
            }
          ],
          "suites": [],
          "passes": [
            "ea87585e-b8df-42e6-b60c-5e0168c6f54b"
          ],
          "failures": [
            "4d0b49bf-a261-4501-9d83-fa1c755e85d7"
          ],
          "pending": [],
          "skipped": [],
          "duration": 8218,
          "root": false,
          "rootEmpty": false,
          "_timeout": 2000
        },
        {
          "uuid": "441ba513-24b7-446e-a0a3-b129f1b138ca",
          "title": "4 - Ao criar uma carta através do botão com id=\"criar-carta\", o `input` com id=\"carta-texto\" deve permanecer com o texto digitado",
          "fullFile": "",
          "file": "",
          "beforeHooks": [],
          "afterHooks": [],
          "tests": [
            {
              "title": "Será validado que ao criar uma carta através do botão `id=\"criar-carta\"` o input` com id=\"carta-texto\" permanece com o texto digitado",
              "fullTitle": "4 - Ao criar uma carta através do botão com id=\"criar-carta\", o `input` com id=\"carta-texto\" deve permanecer com o texto digitado Será validado que ao criar uma carta através do botão `id=\"criar-carta\"` o input` com id=\"carta-texto\" permanece com o texto digitado",
              "timedOut": null,
              "duration": 4465,
              "state": "passed",
              "speed": "slow",
              "pass": true,
              "fail": false,
              "pending": false,
              "context": null,
              "code": "var letterContent = 'esta é uma outra carta';\ncy.get(LETTER_ADD_BUTTON_SELECTOR).should('exist');\ncy.get(LETTER_INPUT_SELECTOR).type(letterContent);\ncy.get(LETTER_ADD_BUTTON_SELECTOR).click();\ncy.get(LETTER_INPUT_SELECTOR).should('have.value', letterContent);",
              "err": {},
              "uuid": "1ec9c13d-c5b6-4460-a66b-1cf43d5c3481",
              "parentUUID": "441ba513-24b7-446e-a0a3-b129f1b138ca",
              "isHook": false,
              "skipped": false
            }
          ],
          "suites": [],
          "passes": [
            "1ec9c13d-c5b6-4460-a66b-1cf43d5c3481"
          ],
          "failures": [],
          "pending": [],
          "skipped": [],
          "duration": 4465,
          "root": false,
          "rootEmpty": false,
          "_timeout": 2000
        },
        {
          "uuid": "118428d0-62f2-4bb4-aeba-8436f90af71d",
          "title": "5 - Se o usuário não preencher o campo ou preencher com apenas espaços vazios adicionar a mensagem 'Por favor, digite o conteúdo da carta.'",
          "fullFile": "",
          "file": "",
          "beforeHooks": [],
          "afterHooks": [],
          "tests": [
            {
              "title": "Será validado que irá exibir a mensagem \"Por favor, digite o conteúdo da carta.\" no elemento `p` com o `id=\"carta-gerada\"",
              "fullTitle": "5 - Se o usuário não preencher o campo ou preencher com apenas espaços vazios adicionar a mensagem 'Por favor, digite o conteúdo da carta.' Será validado que irá exibir a mensagem \"Por favor, digite o conteúdo da carta.\" no elemento `p` com o `id=\"carta-gerada\"",
              "timedOut": null,
              "duration": 2259,
              "state": "failed",
              "speed": null,
              "pass": false,
              "fail": true,
              "pending": false,
              "context": null,
              "code": "var letterContent = ' ';\ncy.get(LETTER_INPUT_SELECTOR).type(letterContent);\ncy.get(LETTER_ADD_BUTTON_SELECTOR).click();\ncy.get(LETTER_GENERATED_P_SELECTOR).each(function ($el, index) {\n  var span = $el[0];\n  expect(span.innerText.toLowerCase()).to.be.equal(LETTER_BLANK_MESSAGE.toLowerCase());\n});",
              "err": {
                "message": "AssertionError: expected '' to equal 'por favor, digite o conteúdo da carta.'",
                "estack": "AssertionError: expected '' to equal 'por favor, digite o conteúdo da carta.'\n    at callback (http://localhost:46237/__cypress/runner/cypress_runner.js:136947:20)\n    at getRet (http://localhost:46237/__cypress/runner/cypress_runner.js:136585:16)\n    at tryCatcher (http://localhost:46237/__cypress/runner/cypress_runner.js:167415:23)\n    at Function.Promise.attempt.Promise.try (http://localhost:46237/__cypress/runner/cypress_runner.js:164690:29)\n    at thenFn (http://localhost:46237/__cypress/runner/cypress_runner.js:136599:23)\n    at yieldItem (http://localhost:46237/__cypress/runner/cypress_runner.js:136954:16)\n    at tryCatcher (http://localhost:46237/__cypress/runner/cypress_runner.js:167415:23)\n    at Object.gotValue (http://localhost:46237/__cypress/runner/cypress_runner.js:166557:18)\n    at Object.gotAccum (http://localhost:46237/__cypress/runner/cypress_runner.js:166546:25)\n    at Object.tryCatcher (http://localhost:46237/__cypress/runner/cypress_runner.js:167415:23)\n    at Promise._settlePromiseFromHandler (http://localhost:46237/__cypress/runner/cypress_runner.js:165351:31)\n    at Promise._settlePromise (http://localhost:46237/__cypress/runner/cypress_runner.js:165408:18)\n    at Promise._settlePromiseCtx (http://localhost:46237/__cypress/runner/cypress_runner.js:165445:10)\n    at Async../node_modules/bluebird/js/release/async.js.Async._drainQueue (http://localhost:46237/__cypress/runner/cypress_runner.js:162145:12)\n    at Async../node_modules/bluebird/js/release/async.js.Async._drainQueues (http://localhost:46237/__cypress/runner/cypress_runner.js:162150:10)\n    at Async.drainQueues (http://localhost:46237/__cypress/runner/cypress_runner.js:162024:14)",
                "diff": "+ 'por favor, digite o conteúdo da carta.'\n"
              },
              "uuid": "440eb899-effc-4aeb-a72e-5f2c467e693e",
              "parentUUID": "118428d0-62f2-4bb4-aeba-8436f90af71d",
              "isHook": false,
              "skipped": false
            }
          ],
          "suites": [],
          "passes": [],
          "failures": [
            "440eb899-effc-4aeb-a72e-5f2c467e693e"
          ],
          "pending": [],
          "skipped": [],
          "duration": 2259,
          "root": false,
          "rootEmpty": false,
          "_timeout": 2000
        },
        {
          "uuid": "bc923762-e705-4aba-87af-8722b5426483",
          "title": "6 - Crie a classe `newspaper`",
          "fullFile": "",
          "file": "",
          "beforeHooks": [],
          "afterHooks": [],
          "tests": [
            {
              "title": "Será validado se a classe `newspaper` possui a propriedade `background-color` igual a rgb(250, 235, 215)",
              "fullTitle": "6 - Crie a classe `newspaper` Será validado se a classe `newspaper` possui a propriedade `background-color` igual a rgb(250, 235, 215)",
              "timedOut": null,
              "duration": 293,
              "state": "passed",
              "speed": "slow",
              "pass": true,
              "fail": false,
              "pending": false,
              "context": null,
              "code": "var properties = [{\n  key: 'background-color',\n  value: 'rgb(250, 235, 215)'\n}];\ncheckClass('newspaper', properties);",
              "err": {},
              "uuid": "016a2c89-df68-4dd6-bf55-6ce865f12a30",
              "parentUUID": "bc923762-e705-4aba-87af-8722b5426483",
              "isHook": false,
              "skipped": false
            },
            {
              "title": "Será validado se a classe `newspaper` possui `font-family` igual a \"Times New Roman\"",
              "fullTitle": "6 - Crie a classe `newspaper` Será validado se a classe `newspaper` possui `font-family` igual a \"Times New Roman\"",
              "timedOut": null,
              "duration": 372,
              "state": "passed",
              "speed": "slow",
              "pass": true,
              "fail": false,
              "pending": false,
              "context": null,
              "code": "var properties = [{\n  key: 'font-family',\n  value: 'Times New Roman',\n  match: true\n}];\ncheckClass('newspaper', properties);",
              "err": {},
              "uuid": "981450ad-a6f7-4196-8f0b-189b296b3131",
              "parentUUID": "bc923762-e705-4aba-87af-8722b5426483",
              "isHook": false,
              "skipped": false
            },
            {
              "title": "Será validado se a classe `newspaper` possui a propriedade `font-weight` igual a 700",
              "fullTitle": "6 - Crie a classe `newspaper` Será validado se a classe `newspaper` possui a propriedade `font-weight` igual a 700",
              "timedOut": null,
              "duration": 241,
              "state": "passed",
              "speed": "slow",
              "pass": true,
              "fail": false,
              "pending": false,
              "context": null,
              "code": "var properties = [{\n  key: 'font-weight',\n  value: '700'\n}];\ncheckClass('newspaper', properties);",
              "err": {},
              "uuid": "2fe02fb5-08ea-4963-b4ad-75f912d191ab",
              "parentUUID": "bc923762-e705-4aba-87af-8722b5426483",
              "isHook": false,
              "skipped": false
            }
          ],
          "suites": [],
          "passes": [
            "016a2c89-df68-4dd6-bf55-6ce865f12a30",
            "981450ad-a6f7-4196-8f0b-189b296b3131",
            "2fe02fb5-08ea-4963-b4ad-75f912d191ab"
          ],
          "failures": [],
          "pending": [],
          "skipped": [],
          "duration": 906,
          "root": false,
          "rootEmpty": false,
          "_timeout": 2000
        },
        {
          "uuid": "f3a9e900-89e2-474b-8075-910007ba8ea0",
          "title": "7 - Crie a classe `magazine1`",
          "fullFile": "",
          "file": "",
          "beforeHooks": [],
          "afterHooks": [],
          "tests": [
            {
              "title": "Será validado se a classe `magazine1` possui a propriedade `background-color` igual a rgb(0, 128, 128)`",
              "fullTitle": "7 - Crie a classe `magazine1` Será validado se a classe `magazine1` possui a propriedade `background-color` igual a rgb(0, 128, 128)`",
              "timedOut": null,
              "duration": 290,
              "state": "passed",
              "speed": "slow",
              "pass": true,
              "fail": false,
              "pending": false,
              "context": null,
              "code": "var properties = [{\n  key: 'background-color',\n  value: 'rgb(0, 128, 128)'\n}];\ncheckClass('magazine1', properties);",
              "err": {},
              "uuid": "a6011f13-5cfc-4840-a87b-b73aa3fb290c",
              "parentUUID": "f3a9e900-89e2-474b-8075-910007ba8ea0",
              "isHook": false,
              "skipped": false
            },
            {
              "title": "Será validado se a classe `magazine1` possui  a propriedade `color` igual a rgb(255, 255, 255)`",
              "fullTitle": "7 - Crie a classe `magazine1` Será validado se a classe `magazine1` possui  a propriedade `color` igual a rgb(255, 255, 255)`",
              "timedOut": null,
              "duration": 241,
              "state": "passed",
              "speed": "slow",
              "pass": true,
              "fail": false,
              "pending": false,
              "context": null,
              "code": "var properties = [{\n  key: 'color',\n  value: 'rgb(255, 255, 255)'\n}];\ncheckClass('magazine1', properties);",
              "err": {},
              "uuid": "f9fd978d-f238-4929-82b5-607f43100e73",
              "parentUUID": "f3a9e900-89e2-474b-8075-910007ba8ea0",
              "isHook": false,
              "skipped": false
            },
            {
              "title": "Será validado se a classe `magazine1` possui propriedade `font-family` igual a \"Verdana\"",
              "fullTitle": "7 - Crie a classe `magazine1` Será validado se a classe `magazine1` possui propriedade `font-family` igual a \"Verdana\"",
              "timedOut": null,
              "duration": 230,
              "state": "passed",
              "speed": "slow",
              "pass": true,
              "fail": false,
              "pending": false,
              "context": null,
              "code": "var properties = [{\n  key: 'font-family',\n  value: 'Verdana',\n  match: true\n}];\ncheckClass('magazine1', properties);",
              "err": {},
              "uuid": "c4500c33-87d1-4526-bb97-871312a74ecc",
              "parentUUID": "f3a9e900-89e2-474b-8075-910007ba8ea0",
              "isHook": false,
              "skipped": false
            },
            {
              "title": " Será validado se a classe `magazine1` possui a propriedade `font-weight` igual a \"900\"",
              "fullTitle": "7 - Crie a classe `magazine1`  Será validado se a classe `magazine1` possui a propriedade `font-weight` igual a \"900\"",
              "timedOut": null,
              "duration": 246,
              "state": "passed",
              "speed": "slow",
              "pass": true,
              "fail": false,
              "pending": false,
              "context": null,
              "code": "var properties = [{\n  key: 'font-weight',\n  value: '900'\n}];\ncheckClass('magazine1', properties);",
              "err": {},
              "uuid": "b61fe11d-423d-4a9f-91e1-96913ed303e3",
              "parentUUID": "f3a9e900-89e2-474b-8075-910007ba8ea0",
              "isHook": false,
              "skipped": false
            },
            {
              "title": "Será validado se a classe `magazine1` possui a propriedade `text-transform` igual a \"uppercase\"`",
              "fullTitle": "7 - Crie a classe `magazine1` Será validado se a classe `magazine1` possui a propriedade `text-transform` igual a \"uppercase\"`",
              "timedOut": null,
              "duration": 193,
              "state": "passed",
              "speed": "slow",
              "pass": true,
              "fail": false,
              "pending": false,
              "context": null,
              "code": "var properties = [{\n  key: 'text-transform',\n  value: 'uppercase'\n}];\ncheckClass('magazine1', properties);",
              "err": {},
              "uuid": "b69289fc-33f9-4f2d-bcaa-5c628cd4bdd3",
              "parentUUID": "f3a9e900-89e2-474b-8075-910007ba8ea0",
              "isHook": false,
              "skipped": false
            }
          ],
          "suites": [],
          "passes": [
            "a6011f13-5cfc-4840-a87b-b73aa3fb290c",
            "f9fd978d-f238-4929-82b5-607f43100e73",
            "c4500c33-87d1-4526-bb97-871312a74ecc",
            "b61fe11d-423d-4a9f-91e1-96913ed303e3",
            "b69289fc-33f9-4f2d-bcaa-5c628cd4bdd3"
          ],
          "failures": [],
          "pending": [],
          "skipped": [],
          "duration": 1200,
          "root": false,
          "rootEmpty": false,
          "_timeout": 2000
        },
        {
          "uuid": "823a0091-6a82-4bb3-b749-599ecedd6b86",
          "title": "8 - Crie a classe `magazine2`",
          "fullFile": "",
          "file": "",
          "beforeHooks": [],
          "afterHooks": [],
          "tests": [
            {
              "title": "Será validado se a classe `magazine2` possui a propriedade `background-image` igual a \"images/pink-pattern.png\"",
              "fullTitle": "8 - Crie a classe `magazine2` Será validado se a classe `magazine2` possui a propriedade `background-image` igual a \"images/pink-pattern.png\"",
              "timedOut": null,
              "duration": 366,
              "state": "passed",
              "speed": "slow",
              "pass": true,
              "fail": false,
              "pending": false,
              "context": null,
              "code": "var properties = [{\n  key: 'background-image',\n  value: 'images/pink-pattern.png',\n  match: true\n}];\ncheckClass('magazine2', properties);",
              "err": {},
              "uuid": "6775bce2-83e3-4df0-b357-e2696c699203",
              "parentUUID": "823a0091-6a82-4bb3-b749-599ecedd6b86",
              "isHook": false,
              "skipped": false
            },
            {
              "title": "Será validado se a classe `magazine2` possui a propriedade `color` igual a rgb(255, 0, 255)",
              "fullTitle": "8 - Crie a classe `magazine2` Será validado se a classe `magazine2` possui a propriedade `color` igual a rgb(255, 0, 255)",
              "timedOut": null,
              "duration": 278,
              "state": "passed",
              "speed": "slow",
              "pass": true,
              "fail": false,
              "pending": false,
              "context": null,
              "code": "var properties = [{\n  key: 'color',\n  value: 'rgb(255, 0, 255)'\n}];\ncheckClass('magazine2', properties);",
              "err": {},
              "uuid": "fe328ff5-9169-4591-b6c2-ccdd6b398ba1",
              "parentUUID": "823a0091-6a82-4bb3-b749-599ecedd6b86",
              "isHook": false,
              "skipped": false
            },
            {
              "title": "Será validado se a classe `magazine2` possui a propriedade `font-family` igual a \"Verdana\"",
              "fullTitle": "8 - Crie a classe `magazine2` Será validado se a classe `magazine2` possui a propriedade `font-family` igual a \"Verdana\"",
              "timedOut": null,
              "duration": 165,
              "state": "passed",
              "speed": "slow",
              "pass": true,
              "fail": false,
              "pending": false,
              "context": null,
              "code": "var properties = [{\n  key: 'font-family',\n  value: 'Verdana',\n  match: true\n}];\ncheckClass('magazine2', properties);",
              "err": {},
              "uuid": "95b94a81-7472-42d2-8379-7cd53727b6da",
              "parentUUID": "823a0091-6a82-4bb3-b749-599ecedd6b86",
              "isHook": false,
              "skipped": false
            },
            {
              "title": "Será validado se a classe `magazine2` possui a propriedade `font-weight` igual a \"900\"",
              "fullTitle": "8 - Crie a classe `magazine2` Será validado se a classe `magazine2` possui a propriedade `font-weight` igual a \"900\"",
              "timedOut": null,
              "duration": 133,
              "state": "passed",
              "speed": "slow",
              "pass": true,
              "fail": false,
              "pending": false,
              "context": null,
              "code": "var properties = [{\n  key: 'font-weight',\n  value: '900'\n}];\ncheckClass('magazine2', properties);",
              "err": {},
              "uuid": "83c7742f-359b-4d98-bfad-bc03bd7c4fbe",
              "parentUUID": "823a0091-6a82-4bb3-b749-599ecedd6b86",
              "isHook": false,
              "skipped": false
            }
          ],
          "suites": [],
          "passes": [
            "6775bce2-83e3-4df0-b357-e2696c699203",
            "fe328ff5-9169-4591-b6c2-ccdd6b398ba1",
            "95b94a81-7472-42d2-8379-7cd53727b6da",
            "83c7742f-359b-4d98-bfad-bc03bd7c4fbe"
          ],
          "failures": [],
          "pending": [],
          "skipped": [],
          "duration": 942,
          "root": false,
          "rootEmpty": false,
          "_timeout": 2000
        },
        {
          "uuid": "c8efa52c-6c86-40ee-ae69-7cd1e1af075a",
          "title": "9 - Crie a classe `medium`",
          "fullFile": "",
          "file": "",
          "beforeHooks": [],
          "afterHooks": [],
          "tests": [
            {
              "title": "Será validado se a classe `medium` possui a propriedade `font-size` igual a \"20px\"",
              "fullTitle": "9 - Crie a classe `medium` Será validado se a classe `medium` possui a propriedade `font-size` igual a \"20px\"",
              "timedOut": null,
              "duration": 384,
              "state": "passed",
              "speed": "slow",
              "pass": true,
              "fail": false,
              "pending": false,
              "context": null,
              "code": "var properties = [{\n  key: 'font-size',\n  value: '20px'\n}];\ncheckClass('medium', properties);",
              "err": {},
              "uuid": "58261621-5017-4384-a290-8f2e0e4d0659",
              "parentUUID": "c8efa52c-6c86-40ee-ae69-7cd1e1af075a",
              "isHook": false,
              "skipped": false
            },
            {
              "title": "Será validado se a classe `medium` possui a propriedade `padding` igual a \"8px\"",
              "fullTitle": "9 - Crie a classe `medium` Será validado se a classe `medium` possui a propriedade `padding` igual a \"8px\"",
              "timedOut": null,
              "duration": 239,
              "state": "passed",
              "speed": "slow",
              "pass": true,
              "fail": false,
              "pending": false,
              "context": null,
              "code": "var properties = [{\n  key: 'padding',\n  value: '8px'\n}];\ncheckClass('medium', properties);",
              "err": {},
              "uuid": "2ad53493-b6f7-4d25-ba25-bad673e8d43b",
              "parentUUID": "c8efa52c-6c86-40ee-ae69-7cd1e1af075a",
              "isHook": false,
              "skipped": false
            }
          ],
          "suites": [],
          "passes": [
            "58261621-5017-4384-a290-8f2e0e4d0659",
            "2ad53493-b6f7-4d25-ba25-bad673e8d43b"
          ],
          "failures": [],
          "pending": [],
          "skipped": [],
          "duration": 623,
          "root": false,
          "rootEmpty": false,
          "_timeout": 2000
        },
        {
          "uuid": "e32a40ea-0805-47ff-963e-19b0ec2b1790",
          "title": "10 - Crie a classe `big`",
          "fullFile": "",
          "file": "",
          "beforeHooks": [],
          "afterHooks": [],
          "tests": [
            {
              "title": "Será validado se a classe `big` possui a propriedade `font-size` igual a \"30px\"",
              "fullTitle": "10 - Crie a classe `big` Será validado se a classe `big` possui a propriedade `font-size` igual a \"30px\"",
              "timedOut": null,
              "duration": 234,
              "state": "passed",
              "speed": "slow",
              "pass": true,
              "fail": false,
              "pending": false,
              "context": null,
              "code": "var properties = [{\n  key: 'font-size',\n  value: '30px'\n}];\ncheckClass('big', properties);",
              "err": {},
              "uuid": "937115cf-2263-4544-919b-dc8a2074c7f0",
              "parentUUID": "e32a40ea-0805-47ff-963e-19b0ec2b1790",
              "isHook": false,
              "skipped": false
            },
            {
              "title": "Será validado se a classe `big` possui a propriedade `padding` igual a \"10px\"",
              "fullTitle": "10 - Crie a classe `big` Será validado se a classe `big` possui a propriedade `padding` igual a \"10px\"",
              "timedOut": null,
              "duration": 233,
              "state": "passed",
              "speed": "slow",
              "pass": true,
              "fail": false,
              "pending": false,
              "context": null,
              "code": "var properties = [{\n  key: 'padding',\n  value: '10px'\n}];\ncheckClass('big', properties);",
              "err": {},
              "uuid": "f864051e-2ac5-4c01-b5cd-374d998713fb",
              "parentUUID": "e32a40ea-0805-47ff-963e-19b0ec2b1790",
              "isHook": false,
              "skipped": false
            }
          ],
          "suites": [],
          "passes": [
            "937115cf-2263-4544-919b-dc8a2074c7f0",
            "f864051e-2ac5-4c01-b5cd-374d998713fb"
          ],
          "failures": [],
          "pending": [],
          "skipped": [],
          "duration": 467,
          "root": false,
          "rootEmpty": false,
          "_timeout": 2000
        },
        {
          "uuid": "0ab4013d-4073-4c6a-9dca-38a0b1643cf0",
          "title": "11 - Crie a classe `reallybig`",
          "fullFile": "",
          "file": "",
          "beforeHooks": [],
          "afterHooks": [],
          "tests": [
            {
              "title": "Será validado se a classe `reallybig` possui a propriedade `font-size` igual a \"40px\"",
              "fullTitle": "11 - Crie a classe `reallybig` Será validado se a classe `reallybig` possui a propriedade `font-size` igual a \"40px\"",
              "timedOut": null,
              "duration": 272,
              "state": "passed",
              "speed": "slow",
              "pass": true,
              "fail": false,
              "pending": false,
              "context": null,
              "code": "var properties = [{\n  key: 'font-size',\n  value: '40px'\n}];\ncheckClass('reallybig', properties);",
              "err": {},
              "uuid": "e486f43a-dc42-4dc4-bfb2-e09fcd1df218",
              "parentUUID": "0ab4013d-4073-4c6a-9dca-38a0b1643cf0",
              "isHook": false,
              "skipped": false
            },
            {
              "title": "Será validado se a classe `reallybig` possui a propriedade `padding` igual a \"15px\"",
              "fullTitle": "11 - Crie a classe `reallybig` Será validado se a classe `reallybig` possui a propriedade `padding` igual a \"15px\"",
              "timedOut": null,
              "duration": 233,
              "state": "passed",
              "speed": "slow",
              "pass": true,
              "fail": false,
              "pending": false,
              "context": null,
              "code": "var properties = [{\n  key: 'padding',\n  value: '15px'\n}];\ncheckClass('reallybig', properties);",
              "err": {},
              "uuid": "c091ab46-d6c0-40a5-9067-cdd838294fbc",
              "parentUUID": "0ab4013d-4073-4c6a-9dca-38a0b1643cf0",
              "isHook": false,
              "skipped": false
            }
          ],
          "suites": [],
          "passes": [
            "e486f43a-dc42-4dc4-bfb2-e09fcd1df218",
            "c091ab46-d6c0-40a5-9067-cdd838294fbc"
          ],
          "failures": [],
          "pending": [],
          "skipped": [],
          "duration": 505,
          "root": false,
          "rootEmpty": false,
          "_timeout": 2000
        },
        {
          "uuid": "b881a9ee-ddba-452f-8b95-9de0f301ad40",
          "title": "12 - Crie a classe `rotateleft`",
          "fullFile": "",
          "file": "",
          "beforeHooks": [],
          "afterHooks": [],
          "tests": [
            {
              "title": "Será validado se a classe `rotateleft` possui a propriedade `transform` igual a \"matrix(0.996195, -0.0871557, 0.0871557, 0.996195, 0, 0)\"",
              "fullTitle": "12 - Crie a classe `rotateleft` Será validado se a classe `rotateleft` possui a propriedade `transform` igual a \"matrix(0.996195, -0.0871557, 0.0871557, 0.996195, 0, 0)\"",
              "timedOut": null,
              "duration": 288,
              "state": "passed",
              "speed": "slow",
              "pass": true,
              "fail": false,
              "pending": false,
              "context": null,
              "code": "var properties = [{\n  key: 'transform',\n  value: 'matrix(0.996195, -0.0871557, 0.0871557, 0.996195, 0, 0)'\n}];\ncheckClass('rotateleft', properties);",
              "err": {},
              "uuid": "44e56e0e-8729-41c3-81f3-15f92d180b49",
              "parentUUID": "b881a9ee-ddba-452f-8b95-9de0f301ad40",
              "isHook": false,
              "skipped": false
            }
          ],
          "suites": [],
          "passes": [
            "44e56e0e-8729-41c3-81f3-15f92d180b49"
          ],
          "failures": [],
          "pending": [],
          "skipped": [],
          "duration": 288,
          "root": false,
          "rootEmpty": false,
          "_timeout": 2000
        },
        {
          "uuid": "86814f02-90d5-4572-b55c-254fb0bf0f1f",
          "title": "13 - Crie a classe `rotateright`",
          "fullFile": "",
          "file": "",
          "beforeHooks": [],
          "afterHooks": [],
          "tests": [
            {
              "title": "Será validado se a classe `rotateright` possui a propriedade `transform` igual a \"matrix(0.996195, 0.0871557, -0.0871557, 0.996195, 0, 0)\"",
              "fullTitle": "13 - Crie a classe `rotateright` Será validado se a classe `rotateright` possui a propriedade `transform` igual a \"matrix(0.996195, 0.0871557, -0.0871557, 0.996195, 0, 0)\"",
              "timedOut": null,
              "duration": 236,
              "state": "passed",
              "speed": "slow",
              "pass": true,
              "fail": false,
              "pending": false,
              "context": null,
              "code": "var properties = [{\n  key: 'transform',\n  value: 'matrix(0.996195, 0.0871557, -0.0871557, 0.996195, 0, 0)'\n}];\ncheckClass('rotateright', properties);",
              "err": {},
              "uuid": "67ddaad5-5e10-419f-9c6d-4f6e1476a833",
              "parentUUID": "86814f02-90d5-4572-b55c-254fb0bf0f1f",
              "isHook": false,
              "skipped": false
            }
          ],
          "suites": [],
          "passes": [
            "67ddaad5-5e10-419f-9c6d-4f6e1476a833"
          ],
          "failures": [],
          "pending": [],
          "skipped": [],
          "duration": 236,
          "root": false,
          "rootEmpty": false,
          "_timeout": 2000
        },
        {
          "uuid": "44a424d2-6059-4589-a3b2-dbf76674fdb2",
          "title": "14 - Crie a classe `skewleft`",
          "fullFile": "",
          "file": "",
          "beforeHooks": [],
          "afterHooks": [],
          "tests": [
            {
              "title": "Será validado se a classe `skewleft` possui a propriedade `transform` igual a \"matrix(1, 0, 0.176327, 1, 0, 0)\"",
              "fullTitle": "14 - Crie a classe `skewleft` Será validado se a classe `skewleft` possui a propriedade `transform` igual a \"matrix(1, 0, 0.176327, 1, 0, 0)\"",
              "timedOut": null,
              "duration": 280,
              "state": "passed",
              "speed": "slow",
              "pass": true,
              "fail": false,
              "pending": false,
              "context": null,
              "code": "var properties = [{\n  key: 'transform',\n  value: 'matrix(1, 0, 0.176327, 1, 0, 0)'\n}];\ncheckClass('skewleft', properties);",
              "err": {},
              "uuid": "2ba8590b-81cd-427e-a0f2-c9973cbf7f3b",
              "parentUUID": "44a424d2-6059-4589-a3b2-dbf76674fdb2",
              "isHook": false,
              "skipped": false
            }
          ],
          "suites": [],
          "passes": [
            "2ba8590b-81cd-427e-a0f2-c9973cbf7f3b"
          ],
          "failures": [],
          "pending": [],
          "skipped": [],
          "duration": 280,
          "root": false,
          "rootEmpty": false,
          "_timeout": 2000
        },
        {
          "uuid": "4ef99684-cdb9-4954-a556-bb6867091fbe",
          "title": "15 - Crie a classe `skewright`",
          "fullFile": "",
          "file": "",
          "beforeHooks": [],
          "afterHooks": [],
          "tests": [
            {
              "title": "erá validado se a classe `skewright` possui a propriedade `transform` igual a \"matrix(1, 0, -0.176327, 1, 0, 0)\"",
              "fullTitle": "15 - Crie a classe `skewright` erá validado se a classe `skewright` possui a propriedade `transform` igual a \"matrix(1, 0, -0.176327, 1, 0, 0)\"",
              "timedOut": null,
              "duration": 190,
              "state": "passed",
              "speed": "slow",
              "pass": true,
              "fail": false,
              "pending": false,
              "context": null,
              "code": "var properties = [{\n  key: 'transform',\n  value: 'matrix(1, 0, -0.176327, 1, 0, 0)'\n}];\ncheckClass('skewright', properties);",
              "err": {},
              "uuid": "62541e6d-4203-4c0a-afd8-3e202068f514",
              "parentUUID": "4ef99684-cdb9-4954-a556-bb6867091fbe",
              "isHook": false,
              "skipped": false
            }
          ],
          "suites": [],
          "passes": [
            "62541e6d-4203-4c0a-afd8-3e202068f514"
          ],
          "failures": [],
          "pending": [],
          "skipped": [],
          "duration": 190,
          "root": false,
          "rootEmpty": false,
          "_timeout": 2000
        },
        {
          "uuid": "d099c3c8-01f1-4780-994e-1c067da48034",
          "title": "16 - Adicione as classes de forma aleatória a fim de estilizar as palavras.",
          "fullFile": "",
          "file": "",
          "beforeHooks": [],
          "afterHooks": [],
          "tests": [
            {
              "title": "Será validado se ao criar uma carta ela recebe uma lista de classes aleatórias",
              "fullTitle": "16 - Adicione as classes de forma aleatória a fim de estilizar as palavras. Será validado se ao criar uma carta ela recebe uma lista de classes aleatórias",
              "timedOut": null,
              "duration": 8130,
              "state": "failed",
              "speed": null,
              "pass": false,
              "fail": true,
              "pending": false,
              "context": null,
              "code": "createLetter(letterContent);\ncy.get(LETTER_GENERATED_SPANS_SELECTOR).then(function ($el) {\n  $el.each(function (_index, span) {\n    var klasses = span.className.split(WORDS_SPLIT_CHARACTER);\n    expect(ALLOWED_CLASSES).to.include.members(klasses);\n    first.push.apply(first, (0, _toConsumableArray2[\"default\"])(klasses));\n  });\n});",
              "err": {
                "message": "AssertionError: expected [ Array(10) ] to be a superset of [ '' ]",
                "estack": "AssertionError: expected [ Array(10) ] to be a superset of [ '' ]\n    at Function.each (http://localhost:46237/__cypress/runner/cypress_runner.js:74514:19)\n    at jQuery.fn.init.each (http://localhost:46237/__cypress/runner/cypress_runner.js:74303:17)\n    at getRet (http://localhost:46237/__cypress/runner/cypress_runner.js:136585:16)\n    at tryCatcher (http://localhost:46237/__cypress/runner/cypress_runner.js:167415:23)\n    at Function.Promise.attempt.Promise.try (http://localhost:46237/__cypress/runner/cypress_runner.js:164690:29)\n    at Context.thenFn (http://localhost:46237/__cypress/runner/cypress_runner.js:136599:23)\n    at Context.then (http://localhost:46237/__cypress/runner/cypress_runner.js:136971:21)\n    at Context.<anonymous> (http://localhost:46237/__cypress/runner/cypress_runner.js:148875:21)\n    at http://localhost:46237/__cypress/runner/cypress_runner.js:148351:33\n    at tryCatcher (http://localhost:46237/__cypress/runner/cypress_runner.js:167415:23)\n    at Promise._settlePromiseFromHandler (http://localhost:46237/__cypress/runner/cypress_runner.js:165351:31)\n    at Promise._settlePromise (http://localhost:46237/__cypress/runner/cypress_runner.js:165408:18)\n    at Promise._settlePromiseCtx (http://localhost:46237/__cypress/runner/cypress_runner.js:165445:10)\n    at Async../node_modules/bluebird/js/release/async.js.Async._drainQueue (http://localhost:46237/__cypress/runner/cypress_runner.js:162145:12)\n    at Async../node_modules/bluebird/js/release/async.js.Async._drainQueues (http://localhost:46237/__cypress/runner/cypress_runner.js:162150:10)\n    at Async.drainQueues (http://localhost:46237/__cypress/runner/cypress_runner.js:162024:14)",
                "diff": "- [ 'newspaper',\n-   'magazine1',\n-   'magazine2',\n-   'medium',\n-   'big',\n-   'reallybig',\n-   'rotateleft',\n-   'rotateright',\n-   'skewleft',\n-   'skewright' ]\n+ [ '' ]\n"
              },
              "uuid": "982aa18d-d71a-4b3d-a66c-b3d7eefade98",
              "parentUUID": "d099c3c8-01f1-4780-994e-1c067da48034",
              "isHook": false,
              "skipped": false
            },
            {
              "title": "Será validado se ao criar uma segunda carta ela recebe uma lista de classes aleatórias",
              "fullTitle": "16 - Adicione as classes de forma aleatória a fim de estilizar as palavras. Será validado se ao criar uma segunda carta ela recebe uma lista de classes aleatórias",
              "timedOut": null,
              "duration": 9549,
              "state": "failed",
              "speed": null,
              "pass": false,
              "fail": true,
              "pending": false,
              "context": null,
              "code": "createLetter(letterContent);\ncy.get(LETTER_GENERATED_SPANS_SELECTOR).then(function ($el) {\n  $el.each(function (_index, span) {\n    var klasses = span.className.split(WORDS_SPLIT_CHARACTER);\n    expect(ALLOWED_CLASSES).to.include.members(klasses);\n    second.push.apply(second, (0, _toConsumableArray2[\"default\"])(klasses));\n  });\n});",
              "err": {
                "message": "AssertionError: expected [ Array(10) ] to be a superset of [ '' ]",
                "estack": "AssertionError: expected [ Array(10) ] to be a superset of [ '' ]\n    at Function.each (http://localhost:46237/__cypress/runner/cypress_runner.js:74514:19)\n    at jQuery.fn.init.each (http://localhost:46237/__cypress/runner/cypress_runner.js:74303:17)\n    at getRet (http://localhost:46237/__cypress/runner/cypress_runner.js:136585:16)\n    at tryCatcher (http://localhost:46237/__cypress/runner/cypress_runner.js:167415:23)\n    at Function.Promise.attempt.Promise.try (http://localhost:46237/__cypress/runner/cypress_runner.js:164690:29)\n    at Context.thenFn (http://localhost:46237/__cypress/runner/cypress_runner.js:136599:23)\n    at Context.then (http://localhost:46237/__cypress/runner/cypress_runner.js:136971:21)\n    at Context.<anonymous> (http://localhost:46237/__cypress/runner/cypress_runner.js:148875:21)\n    at http://localhost:46237/__cypress/runner/cypress_runner.js:148351:33\n    at tryCatcher (http://localhost:46237/__cypress/runner/cypress_runner.js:167415:23)\n    at Promise._settlePromiseFromHandler (http://localhost:46237/__cypress/runner/cypress_runner.js:165351:31)\n    at Promise._settlePromise (http://localhost:46237/__cypress/runner/cypress_runner.js:165408:18)\n    at Promise._settlePromiseCtx (http://localhost:46237/__cypress/runner/cypress_runner.js:165445:10)\n    at Async../node_modules/bluebird/js/release/async.js.Async._drainQueue (http://localhost:46237/__cypress/runner/cypress_runner.js:162145:12)\n    at Async../node_modules/bluebird/js/release/async.js.Async._drainQueues (http://localhost:46237/__cypress/runner/cypress_runner.js:162150:10)\n    at Async.drainQueues (http://localhost:46237/__cypress/runner/cypress_runner.js:162024:14)",
                "diff": "- [ 'newspaper',\n-   'magazine1',\n-   'magazine2',\n-   'medium',\n-   'big',\n-   'reallybig',\n-   'rotateleft',\n-   'rotateright',\n-   'skewleft',\n-   'skewright' ]\n+ [ '' ]\n"
              },
              "uuid": "92c4aa16-c887-474f-8d65-5fe2edb0bde1",
              "parentUUID": "d099c3c8-01f1-4780-994e-1c067da48034",
              "isHook": false,
              "skipped": false
            },
            {
              "title": "Será validado se as classes das duas cartas não são exatamente iguais",
              "fullTitle": "16 - Adicione as classes de forma aleatória a fim de estilizar as palavras. Será validado se as classes das duas cartas não são exatamente iguais",
              "timedOut": null,
              "duration": 2651,
              "state": "failed",
              "speed": null,
              "pass": false,
              "fail": true,
              "pending": false,
              "context": null,
              "code": "expect(first).to.not.deep.equal(second);",
              "err": {
                "message": "AssertionError: expected [] to not deeply equal []",
                "estack": "AssertionError: expected [] to not deeply equal []\n    at Context.runnable.fn (http://localhost:46237/__cypress/runner/cypress_runner.js:149160:24)\n    at callFn (http://localhost:46237/__cypress/runner/cypress_runner.js:92302:21)\n    at http://localhost:46237/__cypress/runner/cypress_runner.js:152489:28\n    at PassThroughHandlerContext.finallyHandler (http://localhost:46237/__cypress/runner/cypress_runner.js:163970:23)\n    at PassThroughHandlerContext.tryCatcher (http://localhost:46237/__cypress/runner/cypress_runner.js:167415:23)\n    at Promise._settlePromiseFromHandler (http://localhost:46237/__cypress/runner/cypress_runner.js:165351:31)\n    at Promise._settlePromise (http://localhost:46237/__cypress/runner/cypress_runner.js:165408:18)\n    at Promise._settlePromise0 (http://localhost:46237/__cypress/runner/cypress_runner.js:165453:10)\n    at Promise._settlePromises (http://localhost:46237/__cypress/runner/cypress_runner.js:165532:18)\n    at Async../node_modules/bluebird/js/release/async.js.Async._drainQueue (http://localhost:46237/__cypress/runner/cypress_runner.js:162140:16)\n    at Async../node_modules/bluebird/js/release/async.js.Async._drainQueues (http://localhost:46237/__cypress/runner/cypress_runner.js:162150:10)\n    at Async.drainQueues (http://localhost:46237/__cypress/runner/cypress_runner.js:162024:14)",
                "diff": ""
              },
              "uuid": "a668fc8f-19d5-46b8-9f7b-26f817249a0c",
              "parentUUID": "d099c3c8-01f1-4780-994e-1c067da48034",
              "isHook": false,
              "skipped": false
            }
          ],
          "suites": [],
          "passes": [],
          "failures": [
            "982aa18d-d71a-4b3d-a66c-b3d7eefade98",
            "92c4aa16-c887-474f-8d65-5fe2edb0bde1",
            "a668fc8f-19d5-46b8-9f7b-26f817249a0c"
          ],
          "pending": [],
          "skipped": [],
          "duration": 20330,
          "root": false,
          "rootEmpty": false,
          "_timeout": 2000
        },
        {
          "uuid": "3bd4eb38-4e5a-4d87-a750-74b6bf22bb17",
          "title": "17 - Com uma carta misteriosa gerada, adicione a possibilidade de alterar o estilo de uma palavra específica ao clicar nela",
          "fullFile": "",
          "file": "",
          "beforeHooks": [],
          "afterHooks": [],
          "tests": [
            {
              "title": "Será validado se ao clicar em uma carta uma nova lista aleatória de classes é gerada",
              "fullTitle": "17 - Com uma carta misteriosa gerada, adicione a possibilidade de alterar o estilo de uma palavra específica ao clicar nela Será validado se ao clicar em uma carta uma nova lista aleatória de classes é gerada",
              "timedOut": null,
              "duration": 6820,
              "state": "failed",
              "speed": null,
              "pass": false,
              "fail": true,
              "pending": false,
              "context": null,
              "code": "cy.get(wordSelector).then(function ($el) {\n  var span = $el[0];\n  var klasses = span.classList;\n  first.push.apply(first, (0, _toConsumableArray2[\"default\"])(klasses));\n  expect(first.length).to.be.equal(4);\n  cy.get(wordSelector).click().then(function ($elem) {\n    var span = $elem[0];\n    var secondKlasses = span.classList;\n    second.push.apply(second, (0, _toConsumableArray2[\"default\"])(secondKlasses));\n    expect(first).to.not.deep.equal(second);\n  });\n});",
              "err": {
                "message": "CypressError: Timed out retrying: Expected to find element: 'p#carta-gerada>span:nth-child(4)', but never found it.",
                "estack": "CypressError: Timed out retrying: Expected to find element: 'p#carta-gerada>span:nth-child(4)', but never found it.\n    at cypressErr (http://localhost:46237/__cypress/runner/cypress_runner.js:149934:9)\n    at throwErr (http://localhost:46237/__cypress/runner/cypress_runner.js:149867:11)\n    at Object.throwErrByPath (http://localhost:46237/__cypress/runner/cypress_runner.js:149915:3)\n    at retry (http://localhost:46237/__cypress/runner/cypress_runner.js:144197:19)\n    at onFailFn (http://localhost:46237/__cypress/runner/cypress_runner.js:132448:16)\n    at tryCatcher (http://localhost:46237/__cypress/runner/cypress_runner.js:167415:23)\n    at Promise._settlePromiseFromHandler (http://localhost:46237/__cypress/runner/cypress_runner.js:165351:31)\n    at Promise._settlePromise (http://localhost:46237/__cypress/runner/cypress_runner.js:165408:18)\n    at Promise._settlePromise0 (http://localhost:46237/__cypress/runner/cypress_runner.js:165453:10)\n    at Promise._settlePromises (http://localhost:46237/__cypress/runner/cypress_runner.js:165528:18)\n    at Async../node_modules/bluebird/js/release/async.js.Async._drainQueue (http://localhost:46237/__cypress/runner/cypress_runner.js:162140:16)\n    at Async../node_modules/bluebird/js/release/async.js.Async._drainQueues (http://localhost:46237/__cypress/runner/cypress_runner.js:162150:10)\n    at Async.drainQueues (http://localhost:46237/__cypress/runner/cypress_runner.js:162024:14)",
                "diff": null
              },
              "uuid": "53c16101-e2a3-4b1b-a227-5b3388ac5b21",
              "parentUUID": "3bd4eb38-4e5a-4d87-a750-74b6bf22bb17",
              "isHook": false,
              "skipped": false
            },
            {
              "title": "Será validado se ao clicar novamente na mesma carta uma nova lista aleatória de classes é gerada e se a nova lista é diferente da lista anterior",
              "fullTitle": "17 - Com uma carta misteriosa gerada, adicione a possibilidade de alterar o estilo de uma palavra específica ao clicar nela Será validado se ao clicar novamente na mesma carta uma nova lista aleatória de classes é gerada e se a nova lista é diferente da lista anterior",
              "timedOut": null,
              "duration": 9161,
              "state": "failed",
              "speed": null,
              "pass": false,
              "fail": true,
              "pending": false,
              "context": null,
              "code": "cy.get(wordSelector).click().then(function ($elem) {\n  var span = $elem[0];\n  var thirdKlasses = span.classList;\n  third.push.apply(third, (0, _toConsumableArray2[\"default\"])(thirdKlasses));\n  expect(second).to.not.deep.equal(third);\n  expect(second.length).to.be.equal(4);\n  expect(third.length).to.be.equal(4);\n});",
              "err": {
                "message": "CypressError: Timed out retrying: Expected to find element: 'p#carta-gerada>span:nth-child(4)', but never found it.",
                "estack": "CypressError: Timed out retrying: Expected to find element: 'p#carta-gerada>span:nth-child(4)', but never found it.\n    at cypressErr (http://localhost:46237/__cypress/runner/cypress_runner.js:149934:9)\n    at throwErr (http://localhost:46237/__cypress/runner/cypress_runner.js:149867:11)\n    at Object.throwErrByPath (http://localhost:46237/__cypress/runner/cypress_runner.js:149915:3)\n    at retry (http://localhost:46237/__cypress/runner/cypress_runner.js:144197:19)\n    at onFailFn (http://localhost:46237/__cypress/runner/cypress_runner.js:132448:16)\n    at tryCatcher (http://localhost:46237/__cypress/runner/cypress_runner.js:167415:23)\n    at Promise._settlePromiseFromHandler (http://localhost:46237/__cypress/runner/cypress_runner.js:165351:31)\n    at Promise._settlePromise (http://localhost:46237/__cypress/runner/cypress_runner.js:165408:18)\n    at Promise._settlePromise0 (http://localhost:46237/__cypress/runner/cypress_runner.js:165453:10)\n    at Promise._settlePromises (http://localhost:46237/__cypress/runner/cypress_runner.js:165528:18)\n    at Async../node_modules/bluebird/js/release/async.js.Async._drainQueue (http://localhost:46237/__cypress/runner/cypress_runner.js:162140:16)\n    at Async../node_modules/bluebird/js/release/async.js.Async._drainQueues (http://localhost:46237/__cypress/runner/cypress_runner.js:162150:10)\n    at Async.drainQueues (http://localhost:46237/__cypress/runner/cypress_runner.js:162024:14)",
                "diff": null
              },
              "uuid": "e2cac8a8-9498-49bf-9380-f4a3d947bb32",
              "parentUUID": "3bd4eb38-4e5a-4d87-a750-74b6bf22bb17",
              "isHook": false,
              "skipped": false
            }
          ],
          "suites": [],
          "passes": [],
          "failures": [
            "53c16101-e2a3-4b1b-a227-5b3388ac5b21",
            "e2cac8a8-9498-49bf-9380-f4a3d947bb32"
          ],
          "pending": [],
          "skipped": [],
          "duration": 15981,
          "root": false,
          "rootEmpty": false,
          "_timeout": 2000
        },
        {
          "uuid": "f13a5fee-f6db-46ce-9457-77f8175776d6",
          "title": "18 - Deve haver um parágrafo com o id=\"carta-contador\" onde existirá um contador de palavras",
          "fullFile": "",
          "file": "",
          "beforeHooks": [],
          "afterHooks": [],
          "tests": [
            {
              "title": "Será validado que existe um elemento `p` com o `id=\"carta-contador\"`",
              "fullTitle": "18 - Deve haver um parágrafo com o id=\"carta-contador\" onde existirá um contador de palavras Será validado que existe um elemento `p` com o `id=\"carta-contador\"`",
              "timedOut": null,
              "duration": 529,
              "state": "passed",
              "speed": "slow",
              "pass": true,
              "fail": false,
              "pending": false,
              "context": null,
              "code": "cy.get(LETTER_COUNTER_P_SELECTOR).should('exist');",
              "err": {},
              "uuid": "dba784a7-e259-4b7e-ad76-a8f033757508",
              "parentUUID": "f13a5fee-f6db-46ce-9457-77f8175776d6",
              "isHook": false,
              "skipped": false
            },
            {
              "title": "Será validado se ao criar uma carta o elemento `p` com o `id=\"carta-contador\"  é atualizado com o número de palavras da carta (valor numérico).",
              "fullTitle": "18 - Deve haver um parágrafo com o id=\"carta-contador\" onde existirá um contador de palavras Será validado se ao criar uma carta o elemento `p` com o `id=\"carta-contador\"  é atualizado com o número de palavras da carta (valor numérico).",
              "timedOut": null,
              "duration": 8454,
              "state": "passed",
              "speed": "slow",
              "pass": true,
              "fail": false,
              "pending": false,
              "context": null,
              "code": "var letterContent1 = 'esta é uma carta com 7 palavras';\nvar letter1Counter = letterContent1.split(WORDS_SPLIT_CHARACTER).length;\ncreateLetter(letterContent1);\ncy.get(LETTER_COUNTER_P_SELECTOR).should('have.text', letter1Counter.toString());\nvar letterContent2 = 'esta é uma carta com 2 palavras a mais';\nvar letter2Counter = letterContent2.split(WORDS_SPLIT_CHARACTER).length;\ncreateLetter(letterContent2);\ncy.get(LETTER_COUNTER_P_SELECTOR).should('have.text', letter2Counter.toString());",
              "err": {},
              "uuid": "f8c24af3-6de6-4f37-8c1d-4637674c7622",
              "parentUUID": "f13a5fee-f6db-46ce-9457-77f8175776d6",
              "isHook": false,
              "skipped": false
            }
          ],
          "suites": [],
          "passes": [
            "dba784a7-e259-4b7e-ad76-a8f033757508",
            "f8c24af3-6de6-4f37-8c1d-4637674c7622"
          ],
          "failures": [],
          "pending": [],
          "skipped": [],
          "duration": 8983,
          "root": false,
          "rootEmpty": false,
          "_timeout": 2000
        }
      ],
      "passes": [],
      "failures": [],
      "pending": [],
      "skipped": [],
      "duration": 0,
      "root": true,
      "rootEmpty": true,
      "_timeout": 2000
    }
  ],
  "meta": {
    "mocha": {
      "version": "7.0.1"
    },
    "mochawesome": {
      "options": {
        "quiet": false,
        "reportFilename": "mochawesome",
        "saveHtml": false,
        "saveJson": true,
        "consoleReporter": "spec",
        "useInlineDiffs": false
      },
      "version": "4.1.0"
    },
    "marge": {
      "options": {
        "id": "default",
        "reportDir": "cypress/reports",
        "overwrite": true,
        "html": false,
        "json": true
      },
      "version": "4.1.0"
    }
  }
}